<?xml version="1.0" encoding="UTF-8"?>
<testsuite xmlns:xsi="http://www.w3.org/2001/XMLSchema-instance" xsi:noNamespaceSchemaLocation="https://maven.apache.org/surefire/maven-surefire-plugin/xsd/surefire-test-report.xsd" version="3.0.2" name="systemdesigns.study.SystemDesignsApplicationTests" time="0.925" tests="1" errors="0" skipped="0" failures="0" flakes="0">
  <properties>
[...]
</properties>
  <testcase name="contextLoads" classname="systemdesigns.study.SystemDesignsApplicationTests" time="0.377">
    <system-out><![CDATA[19:03:17.318 [main] INFO org.springframework.test.context.support.AnnotationConfigContextLoaderUtils -- Could not detect default configuration classes for test class [systemdesigns.study.SystemDesignsApplicationTests]: SystemDesignsApplicationTests does not declare any static, non-private, non-final, nested classes annotated with @Configuration.
19:03:17.378 [main] INFO org.springframework.boot.test.context.SpringBootTestContextBootstrapper -- Found @SpringBootConfiguration systemdesigns.study.SystemDesignsApplication for test class systemdesigns.study.SystemDesignsApplicationTests
19:03:17.423 [main] INFO org.springframework.test.context.support.AnnotationConfigContextLoaderUtils -- Could not detect default configuration classes for test class [systemdesigns.study.SystemDesignsApplicationTests]: SystemDesignsApplicationTests does not declare any static, non-private, non-final, nested classes annotated with @Configuration.
19:03:17.424 [main] INFO org.springframework.boot.test.context.SpringBootTestContextBootstrapper -- Found @SpringBootConfiguration systemdesigns.study.SystemDesignsApplication for test class systemdesigns.study.SystemDesignsApplicationTests
19:03:17.457 [main] INFO org.springframework.boot.devtools.restart.RestartApplicationListener -- Restart disabled due to context in which it is running

  .   ____          _            __ _ _
 /\\ / ___'_ __ _ _(_)_ __  __ _ \ \ \ \
( ( )\___ | '_ | '_| | '_ \/ _` | \ \ \ \
 \\/  ___)| |_)| | | | | || (_| |  ) ) ) )
  '  |____| .__|_| |_|_| |_\__, | / / / /
 =========|_|==============|___/=/_/_/_/

 :: Spring Boot ::                (v4.0.6)

2026-05-02T19:03:17.570-03:00  INFO 77708 --- [system-designs] [           main] s.study.SystemDesignsApplicationTests    : Starting SystemDesignsApplicationTests using Java 25.0.3 with PID 77708 (started by victorleandro in /Users/victorleandro/Documents/project-study/system-designs)
2026-05-02T19:03:17.571-03:00  INFO 77708 --- [system-designs] [           main] s.study.SystemDesignsApplicationTests    : No active profile set, falling back to 1 default profile: "default"
2026-05-02T19:03:17.766-03:00  INFO 77708 --- [system-designs] [           main] s.study.SystemDesignsApplicationTests    : Started SystemDesignsApplicationTests in 0.314 seconds (process running for 0.852)
]]></system-out>
    <system-err><![CDATA[Mockito is currently self-attaching to enable the inline-mock-maker. This will no longer work in future releases of the JDK. Please add Mockito as an agent to your build as described in Mockito's documentation: https://javadoc.io/doc/org.mockito/mockito-core/latest/org.mockito/org/mockito/Mockito.html#0.3
WARNING: A Java agent has been loaded dynamically (/Users/victorleandro/.m2/repository/net/bytebuddy/byte-buddy-agent/1.17.8/byte-buddy-agent-1.17.8.jar)
WARNING: If a serviceability tool is in use, please run with -XX:+EnableDynamicAgentLoading to hide this warning
WARNING: If a serviceability tool is not in use, please run with -Djdk.instrument.traceUsage for more information
WARNING: Dynamic loading of agents will be disallowed by default in a future release
]]></system-err>
  </testcase>
</testsuite>